07 Feb 2024 - 20:08:42.331 INFO  o.s.o.j.LocalContainerEntityManagerFactoryBean - Closing JPA EntityManagerFactory for persistence unit 'default'
07 Feb 2024 - 20:08:42.338 INFO  com.zaxxer.hikari.HikariDataSource - HikariPool-1 - Shutdown initiated...
07 Feb 2024 - 20:08:42.343 INFO  com.zaxxer.hikari.HikariDataSource - HikariPool-1 - Shutdown completed.
07 Feb 2024 - 20:08:44.393 INFO  com.example.Application - Starting Application using Java 17.0.9 with PID 22444 (C:\Users\javox\IdeaProjects\kun.uz_lesson1\target\classes started by javox in C:\Users\javox\IdeaProjects\kun.uz_lesson1)
07 Feb 2024 - 20:08:44.402 DEBUG com.example.Application - Running with Spring Boot v3.2.2, Spring v6.1.3
07 Feb 2024 - 20:08:44.406 INFO  com.example.Application - No active profile set, falling back to 1 default profile: "default"
07 Feb 2024 - 20:08:44.892 INFO  o.s.d.r.c.RepositoryConfigurationDelegate - Bootstrapping Spring Data JPA repositories in DEFAULT mode.
07 Feb 2024 - 20:08:44.938 INFO  o.s.d.r.c.RepositoryConfigurationDelegate - Finished Spring Data repository scanning in 41 ms. Found 8 JPA repository interfaces.
07 Feb 2024 - 20:08:45.257 INFO  o.s.b.w.e.tomcat.TomcatWebServer - Tomcat initialized with port 8081 (http)
07 Feb 2024 - 20:08:45.263 INFO  o.a.catalina.core.StandardService - Starting service [Tomcat]
07 Feb 2024 - 20:08:45.264 INFO  o.a.catalina.core.StandardEngine - Starting Servlet engine: [Apache Tomcat/10.1.18]
07 Feb 2024 - 20:08:45.299 INFO  o.a.c.c.C.[Tomcat].[localhost].[/] - Initializing Spring embedded WebApplicationContext
07 Feb 2024 - 20:08:45.299 INFO  o.s.b.w.s.c.ServletWebServerApplicationContext - Root WebApplicationContext: initialization completed in 863 ms
07 Feb 2024 - 20:08:45.327 DEBUG com.example.config.TokenFilter - Filter 'filterRegistrationBean' configured for use
07 Feb 2024 - 20:08:45.387 INFO  o.h.jpa.internal.util.LogHelper - HHH000204: Processing PersistenceUnitInfo [name: default]
07 Feb 2024 - 20:08:45.416 INFO  org.hibernate.Version - HHH000412: Hibernate ORM core version 6.4.1.Final
07 Feb 2024 - 20:08:45.435 INFO  o.h.c.i.RegionFactoryInitiator - HHH000026: Second-level cache disabled
07 Feb 2024 - 20:08:45.585 INFO  o.s.o.j.p.SpringPersistenceUnitInfo - No LoadTimeWeaver setup: ignoring JPA class transformer
07 Feb 2024 - 20:08:45.601 INFO  com.zaxxer.hikari.HikariDataSource - HikariPool-1 - Starting...
07 Feb 2024 - 20:08:45.705 INFO  com.zaxxer.hikari.pool.HikariPool - HikariPool-1 - Added connection org.postgresql.jdbc.PgConnection@63f2e0b
07 Feb 2024 - 20:08:45.707 INFO  com.zaxxer.hikari.HikariDataSource - HikariPool-1 - Start completed.
07 Feb 2024 - 20:08:46.553 INFO  o.h.e.t.j.p.i.JtaPlatformInitiator - HHH000489: No JTA platform available (set 'hibernate.transaction.jta.platform' to enable JTA platform integration)
07 Feb 2024 - 20:08:46.644 INFO  o.s.o.j.LocalContainerEntityManagerFactoryBean - Initialized JPA EntityManagerFactory for persistence unit 'default'
07 Feb 2024 - 20:08:46.803 INFO  o.s.d.j.r.query.QueryEnhancerFactory - Hibernate is in classpath; If applicable, HQL parser will be used.
07 Feb 2024 - 20:08:47.179 WARN  o.s.b.a.o.j.JpaBaseConfiguration$JpaWebConfiguration - spring.jpa.open-in-view is enabled by default. Therefore, database queries may be performed during view rendering. Explicitly configure spring.jpa.open-in-view to disable this warning
07 Feb 2024 - 20:08:47.442 INFO  o.s.b.w.e.tomcat.TomcatWebServer - Tomcat started on port 8081 (http) with context path ''
07 Feb 2024 - 20:08:47.448 INFO  com.example.Application - Started Application in 3.344 seconds (process running for 3.919)
07 Feb 2024 - 20:40:34.157 WARN  com.zaxxer.hikari.pool.HikariPool - HikariPool-1 - Thread starvation or clock leap detected (housekeeper delta=20m18s341ms890µs800ns).
07 Feb 2024 - 20:50:09.032 INFO  o.s.o.j.LocalContainerEntityManagerFactoryBean - Closing JPA EntityManagerFactory for persistence unit 'default'
07 Feb 2024 - 20:50:09.033 INFO  com.zaxxer.hikari.HikariDataSource - HikariPool-1 - Shutdown initiated...
07 Feb 2024 - 20:50:09.037 INFO  com.zaxxer.hikari.HikariDataSource - HikariPool-1 - Shutdown completed.
07 Feb 2024 - 20:50:12.406 INFO  com.example.Application - Starting Application using Java 17.0.9 with PID 16352 (C:\Users\javox\IdeaProjects\kun.uz_lesson1\target\classes started by javox in C:\Users\javox\IdeaProjects\kun.uz_lesson1)
07 Feb 2024 - 20:50:12.413 DEBUG com.example.Application - Running with Spring Boot v3.2.2, Spring v6.1.3
07 Feb 2024 - 20:50:12.413 INFO  com.example.Application - No active profile set, falling back to 1 default profile: "default"
07 Feb 2024 - 20:50:12.816 INFO  o.s.d.r.c.RepositoryConfigurationDelegate - Bootstrapping Spring Data JPA repositories in DEFAULT mode.
07 Feb 2024 - 20:50:12.866 INFO  o.s.d.r.c.RepositoryConfigurationDelegate - Finished Spring Data repository scanning in 45 ms. Found 8 JPA repository interfaces.
07 Feb 2024 - 20:50:13.166 INFO  o.s.b.w.e.tomcat.TomcatWebServer - Tomcat initialized with port 8081 (http)
07 Feb 2024 - 20:50:13.172 INFO  o.a.catalina.core.StandardService - Starting service [Tomcat]
07 Feb 2024 - 20:50:13.173 INFO  o.a.catalina.core.StandardEngine - Starting Servlet engine: [Apache Tomcat/10.1.18]
07 Feb 2024 - 20:50:13.208 INFO  o.a.c.c.C.[Tomcat].[localhost].[/] - Initializing Spring embedded WebApplicationContext
07 Feb 2024 - 20:50:13.209 INFO  o.s.b.w.s.c.ServletWebServerApplicationContext - Root WebApplicationContext: initialization completed in 770 ms
07 Feb 2024 - 20:50:13.239 DEBUG com.example.config.TokenFilter - Filter 'filterRegistrationBean' configured for use
07 Feb 2024 - 20:50:13.298 INFO  o.h.jpa.internal.util.LogHelper - HHH000204: Processing PersistenceUnitInfo [name: default]
07 Feb 2024 - 20:50:13.326 INFO  org.hibernate.Version - HHH000412: Hibernate ORM core version 6.4.1.Final
07 Feb 2024 - 20:50:13.345 INFO  o.h.c.i.RegionFactoryInitiator - HHH000026: Second-level cache disabled
07 Feb 2024 - 20:50:13.494 INFO  o.s.o.j.p.SpringPersistenceUnitInfo - No LoadTimeWeaver setup: ignoring JPA class transformer
07 Feb 2024 - 20:50:13.509 INFO  com.zaxxer.hikari.HikariDataSource - HikariPool-1 - Starting...
07 Feb 2024 - 20:50:13.631 INFO  com.zaxxer.hikari.pool.HikariPool - HikariPool-1 - Added connection org.postgresql.jdbc.PgConnection@44384b4a
07 Feb 2024 - 20:50:13.632 INFO  com.zaxxer.hikari.HikariDataSource - HikariPool-1 - Start completed.
07 Feb 2024 - 20:50:14.359 INFO  o.h.e.t.j.p.i.JtaPlatformInitiator - HHH000489: No JTA platform available (set 'hibernate.transaction.jta.platform' to enable JTA platform integration)
07 Feb 2024 - 20:50:14.444 INFO  o.s.o.j.LocalContainerEntityManagerFactoryBean - Initialized JPA EntityManagerFactory for persistence unit 'default'
07 Feb 2024 - 20:50:14.587 INFO  o.s.d.j.r.query.QueryEnhancerFactory - Hibernate is in classpath; If applicable, HQL parser will be used.
07 Feb 2024 - 20:50:14.945 WARN  o.s.b.a.o.j.JpaBaseConfiguration$JpaWebConfiguration - spring.jpa.open-in-view is enabled by default. Therefore, database queries may be performed during view rendering. Explicitly configure spring.jpa.open-in-view to disable this warning
07 Feb 2024 - 20:50:15.218 INFO  o.s.b.w.e.tomcat.TomcatWebServer - Tomcat started on port 8081 (http) with context path ''
07 Feb 2024 - 20:50:15.226 INFO  com.example.Application - Started Application in 3.07 seconds (process running for 3.384)
07 Feb 2024 - 20:50:55.442 INFO  o.s.o.j.LocalContainerEntityManagerFactoryBean - Closing JPA EntityManagerFactory for persistence unit 'default'
07 Feb 2024 - 20:50:55.446 INFO  com.zaxxer.hikari.HikariDataSource - HikariPool-1 - Shutdown initiated...
07 Feb 2024 - 20:50:55.450 INFO  com.zaxxer.hikari.HikariDataSource - HikariPool-1 - Shutdown completed.
07 Feb 2024 - 20:50:56.931 INFO  com.example.Application - Starting Application using Java 17.0.9 with PID 22524 (C:\Users\javox\IdeaProjects\kun.uz_lesson1\target\classes started by javox in C:\Users\javox\IdeaProjects\kun.uz_lesson1)
07 Feb 2024 - 20:50:56.940 DEBUG com.example.Application - Running with Spring Boot v3.2.2, Spring v6.1.3
07 Feb 2024 - 20:50:56.940 INFO  com.example.Application - No active profile set, falling back to 1 default profile: "default"
07 Feb 2024 - 20:50:57.369 INFO  o.s.d.r.c.RepositoryConfigurationDelegate - Bootstrapping Spring Data JPA repositories in DEFAULT mode.
07 Feb 2024 - 20:50:57.437 INFO  o.s.d.r.c.RepositoryConfigurationDelegate - Finished Spring Data repository scanning in 62 ms. Found 8 JPA repository interfaces.
07 Feb 2024 - 20:50:57.749 INFO  o.s.b.w.e.tomcat.TomcatWebServer - Tomcat initialized with port 8081 (http)
07 Feb 2024 - 20:50:57.756 INFO  o.a.catalina.core.StandardService - Starting service [Tomcat]
07 Feb 2024 - 20:50:57.756 INFO  o.a.catalina.core.StandardEngine - Starting Servlet engine: [Apache Tomcat/10.1.18]
07 Feb 2024 - 20:50:57.793 INFO  o.a.c.c.C.[Tomcat].[localhost].[/] - Initializing Spring embedded WebApplicationContext
07 Feb 2024 - 20:50:57.794 INFO  o.s.b.w.s.c.ServletWebServerApplicationContext - Root WebApplicationContext: initialization completed in 824 ms
07 Feb 2024 - 20:50:57.825 DEBUG com.example.config.TokenFilter - Filter 'filterRegistrationBean' configured for use
07 Feb 2024 - 20:50:57.883 INFO  o.h.jpa.internal.util.LogHelper - HHH000204: Processing PersistenceUnitInfo [name: default]
07 Feb 2024 - 20:50:57.914 INFO  org.hibernate.Version - HHH000412: Hibernate ORM core version 6.4.1.Final
07 Feb 2024 - 20:50:57.935 INFO  o.h.c.i.RegionFactoryInitiator - HHH000026: Second-level cache disabled
07 Feb 2024 - 20:50:58.081 INFO  o.s.o.j.p.SpringPersistenceUnitInfo - No LoadTimeWeaver setup: ignoring JPA class transformer
07 Feb 2024 - 20:50:58.096 INFO  com.zaxxer.hikari.HikariDataSource - HikariPool-1 - Starting...
07 Feb 2024 - 20:50:58.203 INFO  com.zaxxer.hikari.pool.HikariPool - HikariPool-1 - Added connection org.postgresql.jdbc.PgConnection@5a06904
07 Feb 2024 - 20:50:58.204 INFO  com.zaxxer.hikari.HikariDataSource - HikariPool-1 - Start completed.
07 Feb 2024 - 20:50:58.922 INFO  o.h.e.t.j.p.i.JtaPlatformInitiator - HHH000489: No JTA platform available (set 'hibernate.transaction.jta.platform' to enable JTA platform integration)
07 Feb 2024 - 20:50:59.008 INFO  o.s.o.j.LocalContainerEntityManagerFactoryBean - Initialized JPA EntityManagerFactory for persistence unit 'default'
07 Feb 2024 - 20:50:59.158 INFO  o.s.d.j.r.query.QueryEnhancerFactory - Hibernate is in classpath; If applicable, HQL parser will be used.
07 Feb 2024 - 20:50:59.518 WARN  o.s.b.a.o.j.JpaBaseConfiguration$JpaWebConfiguration - spring.jpa.open-in-view is enabled by default. Therefore, database queries may be performed during view rendering. Explicitly configure spring.jpa.open-in-view to disable this warning
07 Feb 2024 - 20:50:59.772 INFO  o.s.b.w.e.tomcat.TomcatWebServer - Tomcat started on port 8081 (http) with context path ''
07 Feb 2024 - 20:50:59.778 INFO  com.example.Application - Started Application in 3.117 seconds (process running for 3.439)
07 Feb 2024 - 20:55:47.605 INFO  o.s.o.j.LocalContainerEntityManagerFactoryBean - Closing JPA EntityManagerFactory for persistence unit 'default'
07 Feb 2024 - 20:55:47.620 INFO  com.zaxxer.hikari.HikariDataSource - HikariPool-1 - Shutdown initiated...
07 Feb 2024 - 20:55:47.620 INFO  com.zaxxer.hikari.HikariDataSource - HikariPool-1 - Shutdown completed.
07 Feb 2024 - 20:55:54.016 INFO  com.example.Application - Starting Application using Java 17.0.9 with PID 22400 (C:\Users\javox\IdeaProjects\kun.uz_lesson1\target\classes started by javox in C:\Users\javox\IdeaProjects\kun.uz_lesson1)
07 Feb 2024 - 20:55:54.024 DEBUG com.example.Application - Running with Spring Boot v3.2.2, Spring v6.1.3
07 Feb 2024 - 20:55:54.025 INFO  com.example.Application - No active profile set, falling back to 1 default profile: "default"
07 Feb 2024 - 20:55:54.551 INFO  o.s.d.r.c.RepositoryConfigurationDelegate - Bootstrapping Spring Data JPA repositories in DEFAULT mode.
07 Feb 2024 - 20:55:54.596 INFO  o.s.d.r.c.RepositoryConfigurationDelegate - Finished Spring Data repository scanning in 40 ms. Found 8 JPA repository interfaces.
07 Feb 2024 - 20:55:54.892 INFO  o.s.b.w.e.tomcat.TomcatWebServer - Tomcat initialized with port 8081 (http)
07 Feb 2024 - 20:55:54.898 INFO  o.a.catalina.core.StandardService - Starting service [Tomcat]
07 Feb 2024 - 20:55:54.898 INFO  o.a.catalina.core.StandardEngine - Starting Servlet engine: [Apache Tomcat/10.1.18]
07 Feb 2024 - 20:55:54.947 INFO  o.a.c.c.C.[Tomcat].[localhost].[/] - Initializing Spring embedded WebApplicationContext
07 Feb 2024 - 20:55:54.948 INFO  o.s.b.w.s.c.ServletWebServerApplicationContext - Root WebApplicationContext: initialization completed in 895 ms
07 Feb 2024 - 20:55:54.980 DEBUG com.example.config.TokenFilter - Filter 'filterRegistrationBean' configured for use
07 Feb 2024 - 20:55:55.045 INFO  o.h.jpa.internal.util.LogHelper - HHH000204: Processing PersistenceUnitInfo [name: default]
07 Feb 2024 - 20:55:55.075 INFO  org.hibernate.Version - HHH000412: Hibernate ORM core version 6.4.1.Final
07 Feb 2024 - 20:55:55.093 INFO  o.h.c.i.RegionFactoryInitiator - HHH000026: Second-level cache disabled
07 Feb 2024 - 20:55:55.244 INFO  o.s.o.j.p.SpringPersistenceUnitInfo - No LoadTimeWeaver setup: ignoring JPA class transformer
07 Feb 2024 - 20:55:55.262 INFO  com.zaxxer.hikari.HikariDataSource - HikariPool-1 - Starting...
07 Feb 2024 - 20:55:55.391 INFO  com.zaxxer.hikari.pool.HikariPool - HikariPool-1 - Added connection org.postgresql.jdbc.PgConnection@51132514
07 Feb 2024 - 20:55:55.393 INFO  com.zaxxer.hikari.HikariDataSource - HikariPool-1 - Start completed.
07 Feb 2024 - 20:55:56.186 INFO  o.h.e.t.j.p.i.JtaPlatformInitiator - HHH000489: No JTA platform available (set 'hibernate.transaction.jta.platform' to enable JTA platform integration)
07 Feb 2024 - 20:55:56.277 INFO  o.s.o.j.LocalContainerEntityManagerFactoryBean - Initialized JPA EntityManagerFactory for persistence unit 'default'
07 Feb 2024 - 20:55:56.432 INFO  o.s.d.j.r.query.QueryEnhancerFactory - Hibernate is in classpath; If applicable, HQL parser will be used.
07 Feb 2024 - 20:55:56.918 WARN  o.s.b.a.o.j.JpaBaseConfiguration$JpaWebConfiguration - spring.jpa.open-in-view is enabled by default. Therefore, database queries may be performed during view rendering. Explicitly configure spring.jpa.open-in-view to disable this warning
07 Feb 2024 - 20:55:57.516 WARN  o.s.b.w.s.c.AnnotationConfigServletWebServerApplicationContext - Exception encountered during context initialization - cancelling refresh attempt: org.springframework.beans.factory.BeanCreationException: Error creating bean with name 'org.springdoc.core.configuration.SpringDocKotlinConfiguration': Failed to instantiate [org.springdoc.core.configuration.SpringDocKotlinConfiguration]: Constructor threw exception
07 Feb 2024 - 20:55:57.518 INFO  o.s.o.j.LocalContainerEntityManagerFactoryBean - Closing JPA EntityManagerFactory for persistence unit 'default'
07 Feb 2024 - 20:55:57.519 INFO  com.zaxxer.hikari.HikariDataSource - HikariPool-1 - Shutdown initiated...
07 Feb 2024 - 20:55:57.522 INFO  com.zaxxer.hikari.HikariDataSource - HikariPool-1 - Shutdown completed.
07 Feb 2024 - 20:55:57.525 INFO  o.a.catalina.core.StandardService - Stopping service [Tomcat]
07 Feb 2024 - 20:55:57.535 INFO  o.s.b.a.l.ConditionEvaluationReportLogger - 

Error starting ApplicationContext. To display the condition evaluation report re-run your application with 'debug' enabled.
07 Feb 2024 - 20:55:57.547 ERROR o.s.boot.SpringApplication - Application run failed
org.springframework.beans.factory.BeanCreationException: Error creating bean with name 'org.springdoc.core.configuration.SpringDocKotlinConfiguration': Failed to instantiate [org.springdoc.core.configuration.SpringDocKotlinConfiguration]: Constructor threw exception
	at org.springframework.beans.factory.support.ConstructorResolver.instantiate(ConstructorResolver.java:318)
	at org.springframework.beans.factory.support.ConstructorResolver.autowireConstructor(ConstructorResolver.java:306)
	at org.springframework.beans.factory.support.AbstractAutowireCapableBeanFactory.autowireConstructor(AbstractAutowireCapableBeanFactory.java:1354)
	at org.springframework.beans.factory.support.AbstractAutowireCapableBeanFactory.createBeanInstance(AbstractAutowireCapableBeanFactory.java:1191)
	at org.springframework.beans.factory.support.AbstractAutowireCapableBeanFactory.doCreateBean(AbstractAutowireCapableBeanFactory.java:561)
	at org.springframework.beans.factory.support.AbstractAutowireCapableBeanFactory.createBean(AbstractAutowireCapableBeanFactory.java:521)
	at org.springframework.beans.factory.support.AbstractBeanFactory.lambda$doGetBean$0(AbstractBeanFactory.java:325)
	at org.springframework.beans.factory.support.DefaultSingletonBeanRegistry.getSingleton(DefaultSingletonBeanRegistry.java:234)
	at org.springframework.beans.factory.support.AbstractBeanFactory.doGetBean(AbstractBeanFactory.java:323)
	at org.springframework.beans.factory.support.AbstractBeanFactory.getBean(AbstractBeanFactory.java:199)
	at org.springframework.beans.factory.support.DefaultListableBeanFactory.preInstantiateSingletons(DefaultListableBeanFactory.java:975)
	at org.springframework.context.support.AbstractApplicationContext.finishBeanFactoryInitialization(AbstractApplicationContext.java:959)
	at org.springframework.context.support.AbstractApplicationContext.refresh(AbstractApplicationContext.java:624)
	at org.springframework.boot.web.servlet.context.ServletWebServerApplicationContext.refresh(ServletWebServerApplicationContext.java:146)
	at org.springframework.boot.SpringApplication.refresh(SpringApplication.java:754)
	at org.springframework.boot.SpringApplication.refreshContext(SpringApplication.java:456)
	at org.springframework.boot.SpringApplication.run(SpringApplication.java:334)
	at org.springframework.boot.SpringApplication.run(SpringApplication.java:1354)
	at org.springframework.boot.SpringApplication.run(SpringApplication.java:1343)
	at com.example.Application.main(Application.java:10)
Caused by: org.springframework.beans.BeanInstantiationException: Failed to instantiate [org.springdoc.core.configuration.SpringDocKotlinConfiguration]: Constructor threw exception
	at org.springframework.beans.BeanUtils.instantiateClass(BeanUtils.java:223)
	at org.springframework.beans.factory.support.SimpleInstantiationStrategy.instantiate(SimpleInstantiationStrategy.java:111)
	at org.springframework.beans.factory.support.ConstructorResolver.instantiate(ConstructorResolver.java:315)
	... 19 common frames omitted
Caused by: java.lang.NoClassDefFoundError: com/fasterxml/jackson/module/kotlin/KotlinModule$Builder
	at org.springdoc.core.configuration.SpringDocKotlinConfiguration.<init>(SpringDocKotlinConfiguration.kt:47)
	at java.base/jdk.internal.reflect.NativeConstructorAccessorImpl.newInstance0(Native Method)
	at java.base/jdk.internal.reflect.NativeConstructorAccessorImpl.newInstance(NativeConstructorAccessorImpl.java:77)
	at java.base/jdk.internal.reflect.DelegatingConstructorAccessorImpl.newInstance(DelegatingConstructorAccessorImpl.java:45)
	at java.base/java.lang.reflect.Constructor.newInstanceWithCaller(Constructor.java:499)
	at java.base/java.lang.reflect.Constructor.newInstance(Constructor.java:480)
	at org.springframework.beans.BeanUtils.instantiateClass(BeanUtils.java:210)
	... 21 common frames omitted
Caused by: java.lang.ClassNotFoundException: com.fasterxml.jackson.module.kotlin.KotlinModule$Builder
	at java.base/jdk.internal.loader.BuiltinClassLoader.loadClass(BuiltinClassLoader.java:641)
	at java.base/jdk.internal.loader.ClassLoaders$AppClassLoader.loadClass(ClassLoaders.java:188)
	at java.base/java.lang.ClassLoader.loadClass(ClassLoader.java:525)
	... 28 common frames omitted
07 Feb 2024 - 21:00:24.093 INFO  com.example.Application - Starting Application using Java 17.0.9 with PID 2848 (C:\Users\javox\IdeaProjects\kun.uz_lesson1\target\classes started by javox in C:\Users\javox\IdeaProjects\kun.uz_lesson1)
07 Feb 2024 - 21:00:24.099 DEBUG com.example.Application - Running with Spring Boot v3.2.2, Spring v6.1.3
07 Feb 2024 - 21:00:24.100 INFO  com.example.Application - No active profile set, falling back to 1 default profile: "default"
07 Feb 2024 - 21:00:24.593 INFO  o.s.d.r.c.RepositoryConfigurationDelegate - Bootstrapping Spring Data JPA repositories in DEFAULT mode.
07 Feb 2024 - 21:00:24.650 INFO  o.s.d.r.c.RepositoryConfigurationDelegate - Finished Spring Data repository scanning in 52 ms. Found 8 JPA repository interfaces.
07 Feb 2024 - 21:00:24.964 INFO  o.s.b.w.e.tomcat.TomcatWebServer - Tomcat initialized with port 8081 (http)
07 Feb 2024 - 21:00:24.970 INFO  o.a.catalina.core.StandardService - Starting service [Tomcat]
07 Feb 2024 - 21:00:24.971 INFO  o.a.catalina.core.StandardEngine - Starting Servlet engine: [Apache Tomcat/10.1.18]
07 Feb 2024 - 21:00:25.011 INFO  o.a.c.c.C.[Tomcat].[localhost].[/] - Initializing Spring embedded WebApplicationContext
07 Feb 2024 - 21:00:25.011 INFO  o.s.b.w.s.c.ServletWebServerApplicationContext - Root WebApplicationContext: initialization completed in 885 ms
07 Feb 2024 - 21:00:25.040 DEBUG com.example.config.TokenFilter - Filter 'filterRegistrationBean' configured for use
07 Feb 2024 - 21:00:25.096 INFO  o.h.jpa.internal.util.LogHelper - HHH000204: Processing PersistenceUnitInfo [name: default]
07 Feb 2024 - 21:00:25.125 INFO  org.hibernate.Version - HHH000412: Hibernate ORM core version 6.4.1.Final
07 Feb 2024 - 21:00:25.150 INFO  o.h.c.i.RegionFactoryInitiator - HHH000026: Second-level cache disabled
07 Feb 2024 - 21:00:25.289 INFO  o.s.o.j.p.SpringPersistenceUnitInfo - No LoadTimeWeaver setup: ignoring JPA class transformer
07 Feb 2024 - 21:00:25.304 INFO  com.zaxxer.hikari.HikariDataSource - HikariPool-1 - Starting...
07 Feb 2024 - 21:00:25.413 INFO  com.zaxxer.hikari.pool.HikariPool - HikariPool-1 - Added connection org.postgresql.jdbc.PgConnection@64ec1459
07 Feb 2024 - 21:00:25.414 INFO  com.zaxxer.hikari.HikariDataSource - HikariPool-1 - Start completed.
07 Feb 2024 - 21:00:26.096 INFO  o.h.e.t.j.p.i.JtaPlatformInitiator - HHH000489: No JTA platform available (set 'hibernate.transaction.jta.platform' to enable JTA platform integration)
07 Feb 2024 - 21:00:26.178 INFO  o.s.o.j.LocalContainerEntityManagerFactoryBean - Initialized JPA EntityManagerFactory for persistence unit 'default'
07 Feb 2024 - 21:00:26.324 INFO  o.s.d.j.r.query.QueryEnhancerFactory - Hibernate is in classpath; If applicable, HQL parser will be used.
07 Feb 2024 - 21:00:26.726 WARN  o.s.b.a.o.j.JpaBaseConfiguration$JpaWebConfiguration - spring.jpa.open-in-view is enabled by default. Therefore, database queries may be performed during view rendering. Explicitly configure spring.jpa.open-in-view to disable this warning
07 Feb 2024 - 21:00:27.003 INFO  o.s.b.w.e.tomcat.TomcatWebServer - Tomcat started on port 8081 (http) with context path ''
07 Feb 2024 - 21:00:27.010 INFO  com.example.Application - Started Application in 3.164 seconds (process running for 3.495)
07 Feb 2024 - 21:00:58.747 INFO  o.s.o.j.LocalContainerEntityManagerFactoryBean - Closing JPA EntityManagerFactory for persistence unit 'default'
07 Feb 2024 - 21:00:58.748 INFO  com.zaxxer.hikari.HikariDataSource - HikariPool-1 - Shutdown initiated...
07 Feb 2024 - 21:00:58.752 INFO  com.zaxxer.hikari.HikariDataSource - HikariPool-1 - Shutdown completed.
07 Feb 2024 - 21:01:01.150 INFO  com.example.Application - Starting Application using Java 17.0.9 with PID 3188 (C:\Users\javox\IdeaProjects\kun.uz_lesson1\target\classes started by javox in C:\Users\javox\IdeaProjects\kun.uz_lesson1)
07 Feb 2024 - 21:01:01.158 DEBUG com.example.Application - Running with Spring Boot v3.2.2, Spring v6.1.3
07 Feb 2024 - 21:01:01.158 INFO  com.example.Application - No active profile set, falling back to 1 default profile: "default"
07 Feb 2024 - 21:01:01.639 INFO  o.s.d.r.c.RepositoryConfigurationDelegate - Bootstrapping Spring Data JPA repositories in DEFAULT mode.
07 Feb 2024 - 21:01:01.684 INFO  o.s.d.r.c.RepositoryConfigurationDelegate - Finished Spring Data repository scanning in 40 ms. Found 8 JPA repository interfaces.
07 Feb 2024 - 21:01:01.976 INFO  o.s.b.w.e.tomcat.TomcatWebServer - Tomcat initialized with port 8081 (http)
07 Feb 2024 - 21:01:01.982 INFO  o.a.catalina.core.StandardService - Starting service [Tomcat]
07 Feb 2024 - 21:01:01.983 INFO  o.a.catalina.core.StandardEngine - Starting Servlet engine: [Apache Tomcat/10.1.18]
07 Feb 2024 - 21:01:02.021 INFO  o.a.c.c.C.[Tomcat].[localhost].[/] - Initializing Spring embedded WebApplicationContext
07 Feb 2024 - 21:01:02.022 INFO  o.s.b.w.s.c.ServletWebServerApplicationContext - Root WebApplicationContext: initialization completed in 839 ms
07 Feb 2024 - 21:01:02.050 DEBUG com.example.config.TokenFilter - Filter 'filterRegistrationBean' configured for use
07 Feb 2024 - 21:01:02.107 INFO  o.h.jpa.internal.util.LogHelper - HHH000204: Processing PersistenceUnitInfo [name: default]
07 Feb 2024 - 21:01:02.136 INFO  org.hibernate.Version - HHH000412: Hibernate ORM core version 6.4.1.Final
07 Feb 2024 - 21:01:02.154 INFO  o.h.c.i.RegionFactoryInitiator - HHH000026: Second-level cache disabled
07 Feb 2024 - 21:01:02.300 INFO  o.s.o.j.p.SpringPersistenceUnitInfo - No LoadTimeWeaver setup: ignoring JPA class transformer
07 Feb 2024 - 21:01:02.316 INFO  com.zaxxer.hikari.HikariDataSource - HikariPool-1 - Starting...
07 Feb 2024 - 21:01:02.421 INFO  com.zaxxer.hikari.pool.HikariPool - HikariPool-1 - Added connection org.postgresql.jdbc.PgConnection@1f42366
07 Feb 2024 - 21:01:02.422 INFO  com.zaxxer.hikari.HikariDataSource - HikariPool-1 - Start completed.
07 Feb 2024 - 21:01:03.106 INFO  o.h.e.t.j.p.i.JtaPlatformInitiator - HHH000489: No JTA platform available (set 'hibernate.transaction.jta.platform' to enable JTA platform integration)
07 Feb 2024 - 21:01:03.188 INFO  o.s.o.j.LocalContainerEntityManagerFactoryBean - Initialized JPA EntityManagerFactory for persistence unit 'default'
07 Feb 2024 - 21:01:03.337 INFO  o.s.d.j.r.query.QueryEnhancerFactory - Hibernate is in classpath; If applicable, HQL parser will be used.
07 Feb 2024 - 21:01:03.739 WARN  o.s.b.a.o.j.JpaBaseConfiguration$JpaWebConfiguration - spring.jpa.open-in-view is enabled by default. Therefore, database queries may be performed during view rendering. Explicitly configure spring.jpa.open-in-view to disable this warning
07 Feb 2024 - 21:01:04.017 INFO  o.s.b.w.e.tomcat.TomcatWebServer - Tomcat started on port 8081 (http) with context path ''
07 Feb 2024 - 21:01:04.025 INFO  com.example.Application - Started Application in 3.127 seconds (process running for 3.447)
07 Feb 2024 - 21:01:16.447 INFO  o.a.c.c.C.[Tomcat].[localhost].[/] - Initializing Spring DispatcherServlet 'dispatcherServlet'
07 Feb 2024 - 21:01:16.447 INFO  o.s.web.servlet.DispatcherServlet - Initializing Servlet 'dispatcherServlet'
07 Feb 2024 - 21:01:16.449 INFO  o.s.web.servlet.DispatcherServlet - Completed initialization in 2 ms
07 Feb 2024 - 21:01:17.948 INFO  o.s.api.AbstractOpenApiResource - Init duration for springdoc-openapi is: 1420 ms
07 Feb 2024 - 21:06:30.354 DEBUG c.example.controller.AuthController - Login In Debug
07 Feb 2024 - 21:06:30.354 INFO  c.example.controller.AuthController - Login edD@gmail.com 
07 Feb 2024 - 21:06:30.354 WARN  c.example.controller.AuthController - Login edD@gmail.com 
07 Feb 2024 - 21:06:30.354 ERROR c.example.controller.AuthController - Login edD@gmail.com 
07 Feb 2024 - 21:08:33.715 INFO  o.s.o.j.LocalContainerEntityManagerFactoryBean - Closing JPA EntityManagerFactory for persistence unit 'default'
07 Feb 2024 - 21:08:33.719 INFO  com.zaxxer.hikari.HikariDataSource - HikariPool-1 - Shutdown initiated...
07 Feb 2024 - 21:08:33.722 INFO  com.zaxxer.hikari.HikariDataSource - HikariPool-1 - Shutdown completed.
07 Feb 2024 - 21:08:35.248 INFO  com.example.Application - Starting Application using Java 17.0.9 with PID 5084 (C:\Users\javox\IdeaProjects\kun.uz_lesson1\target\classes started by javox in C:\Users\javox\IdeaProjects\kun.uz_lesson1)
07 Feb 2024 - 21:08:35.255 DEBUG com.example.Application - Running with Spring Boot v3.2.2, Spring v6.1.3
07 Feb 2024 - 21:08:35.256 INFO  com.example.Application - No active profile set, falling back to 1 default profile: "default"
07 Feb 2024 - 21:08:35.754 INFO  o.s.d.r.c.RepositoryConfigurationDelegate - Bootstrapping Spring Data JPA repositories in DEFAULT mode.
07 Feb 2024 - 21:08:35.803 INFO  o.s.d.r.c.RepositoryConfigurationDelegate - Finished Spring Data repository scanning in 43 ms. Found 8 JPA repository interfaces.
07 Feb 2024 - 21:08:36.204 INFO  o.s.b.w.e.tomcat.TomcatWebServer - Tomcat initialized with port 8081 (http)
07 Feb 2024 - 21:08:36.217 INFO  o.a.catalina.core.StandardService - Starting service [Tomcat]
07 Feb 2024 - 21:08:36.217 INFO  o.a.catalina.core.StandardEngine - Starting Servlet engine: [Apache Tomcat/10.1.18]
07 Feb 2024 - 21:08:36.281 INFO  o.a.c.c.C.[Tomcat].[localhost].[/] - Initializing Spring embedded WebApplicationContext
07 Feb 2024 - 21:08:36.282 INFO  o.s.b.w.s.c.ServletWebServerApplicationContext - Root WebApplicationContext: initialization completed in 1001 ms
07 Feb 2024 - 21:08:36.319 DEBUG com.example.config.TokenFilter - Filter 'filterRegistrationBean' configured for use
07 Feb 2024 - 21:08:36.398 INFO  o.h.jpa.internal.util.LogHelper - HHH000204: Processing PersistenceUnitInfo [name: default]
07 Feb 2024 - 21:08:36.443 INFO  org.hibernate.Version - HHH000412: Hibernate ORM core version 6.4.1.Final
07 Feb 2024 - 21:08:36.469 INFO  o.h.c.i.RegionFactoryInitiator - HHH000026: Second-level cache disabled
07 Feb 2024 - 21:08:36.651 INFO  o.s.o.j.p.SpringPersistenceUnitInfo - No LoadTimeWeaver setup: ignoring JPA class transformer
07 Feb 2024 - 21:08:36.670 INFO  com.zaxxer.hikari.HikariDataSource - HikariPool-1 - Starting...
07 Feb 2024 - 21:08:36.775 INFO  com.zaxxer.hikari.pool.HikariPool - HikariPool-1 - Added connection org.postgresql.jdbc.PgConnection@6785c9fa
07 Feb 2024 - 21:08:36.776 INFO  com.zaxxer.hikari.HikariDataSource - HikariPool-1 - Start completed.
07 Feb 2024 - 21:08:37.500 INFO  o.h.e.t.j.p.i.JtaPlatformInitiator - HHH000489: No JTA platform available (set 'hibernate.transaction.jta.platform' to enable JTA platform integration)
07 Feb 2024 - 21:08:37.611 INFO  o.s.o.j.LocalContainerEntityManagerFactoryBean - Initialized JPA EntityManagerFactory for persistence unit 'default'
07 Feb 2024 - 21:08:37.807 INFO  o.s.d.j.r.query.QueryEnhancerFactory - Hibernate is in classpath; If applicable, HQL parser will be used.
07 Feb 2024 - 21:08:38.419 WARN  o.s.b.a.o.j.JpaBaseConfiguration$JpaWebConfiguration - spring.jpa.open-in-view is enabled by default. Therefore, database queries may be performed during view rendering. Explicitly configure spring.jpa.open-in-view to disable this warning
07 Feb 2024 - 21:08:38.869 INFO  o.s.b.w.e.tomcat.TomcatWebServer - Tomcat started on port 8081 (http) with context path ''
07 Feb 2024 - 21:08:38.878 INFO  com.example.Application - Started Application in 3.907 seconds (process running for 4.25)
07 Feb 2024 - 21:14:56.692 WARN  o.s.b.t.j.DuplicateJsonObjectContextCustomizerFactory$DuplicateJsonObjectContextCustomizer - 

Found multiple occurrences of org.json.JSONObject on the class path:

	jar:file:/C:/Users/javox/.m2/repository/com/vaadin/external/google/android-json/0.0.20131108.vaadin1/android-json-0.0.20131108.vaadin1.jar!/org/json/JSONObject.class
	jar:file:/C:/Users/javox/.m2/repository/org/json/json/20220924/json-20220924.jar!/org/json/JSONObject.class

You may wish to exclude one of them to ensure predictable runtime behavior

07 Feb 2024 - 21:14:56.716 INFO  com.example.ApplicationTests - Starting ApplicationTests using Java 17.0.9 with PID 9776 (started by javox in C:\Users\javox\IdeaProjects\kun.uz_lesson1)
07 Feb 2024 - 21:14:56.716 DEBUG com.example.ApplicationTests - Running with Spring Boot v3.2.2, Spring v6.1.3
07 Feb 2024 - 21:14:56.717 INFO  com.example.ApplicationTests - No active profile set, falling back to 1 default profile: "default"
07 Feb 2024 - 21:14:57.387 INFO  o.s.d.r.c.RepositoryConfigurationDelegate - Bootstrapping Spring Data JPA repositories in DEFAULT mode.
07 Feb 2024 - 21:14:57.440 INFO  o.s.d.r.c.RepositoryConfigurationDelegate - Finished Spring Data repository scanning in 46 ms. Found 8 JPA repository interfaces.
07 Feb 2024 - 21:14:57.940 INFO  o.h.jpa.internal.util.LogHelper - HHH000204: Processing PersistenceUnitInfo [name: default]
07 Feb 2024 - 21:14:58.042 INFO  org.hibernate.Version - HHH000412: Hibernate ORM core version 6.4.1.Final
07 Feb 2024 - 21:14:58.093 INFO  o.h.c.i.RegionFactoryInitiator - HHH000026: Second-level cache disabled
07 Feb 2024 - 21:14:58.332 INFO  o.s.o.j.p.SpringPersistenceUnitInfo - No LoadTimeWeaver setup: ignoring JPA class transformer
07 Feb 2024 - 21:14:58.349 INFO  com.zaxxer.hikari.HikariDataSource - HikariPool-1 - Starting...
07 Feb 2024 - 21:14:58.519 INFO  com.zaxxer.hikari.pool.HikariPool - HikariPool-1 - Added connection org.postgresql.jdbc.PgConnection@20864cd1
07 Feb 2024 - 21:14:58.522 INFO  com.zaxxer.hikari.HikariDataSource - HikariPool-1 - Start completed.
07 Feb 2024 - 21:14:59.488 INFO  o.h.e.t.j.p.i.JtaPlatformInitiator - HHH000489: No JTA platform available (set 'hibernate.transaction.jta.platform' to enable JTA platform integration)
07 Feb 2024 - 21:14:59.580 INFO  o.s.o.j.LocalContainerEntityManagerFactoryBean - Initialized JPA EntityManagerFactory for persistence unit 'default'
07 Feb 2024 - 21:14:59.972 INFO  o.s.d.j.r.query.QueryEnhancerFactory - Hibernate is in classpath; If applicable, HQL parser will be used.
07 Feb 2024 - 21:15:01.036 WARN  o.s.b.a.o.j.JpaBaseConfiguration$JpaWebConfiguration - spring.jpa.open-in-view is enabled by default. Therefore, database queries may be performed during view rendering. Explicitly configure spring.jpa.open-in-view to disable this warning
07 Feb 2024 - 21:15:01.735 INFO  com.example.ApplicationTests - Started ApplicationTests in 5.252 seconds (process running for 6.407)
07 Feb 2024 - 21:15:02.371 INFO  o.s.o.j.LocalContainerEntityManagerFactoryBean - Closing JPA EntityManagerFactory for persistence unit 'default'
07 Feb 2024 - 21:15:02.374 INFO  com.zaxxer.hikari.HikariDataSource - HikariPool-1 - Shutdown initiated...
07 Feb 2024 - 21:15:02.378 INFO  com.zaxxer.hikari.HikariDataSource - HikariPool-1 - Shutdown completed.
07 Feb 2024 - 21:15:23.496 INFO  o.s.o.j.LocalContainerEntityManagerFactoryBean - Closing JPA EntityManagerFactory for persistence unit 'default'
07 Feb 2024 - 21:15:23.499 INFO  com.zaxxer.hikari.HikariDataSource - HikariPool-1 - Shutdown initiated...
07 Feb 2024 - 21:15:23.502 INFO  com.zaxxer.hikari.HikariDataSource - HikariPool-1 - Shutdown completed.
07 Feb 2024 - 21:15:28.093 INFO  com.example.Application - Starting Application using Java 17.0.9 with PID 15776 (C:\Users\javox\IdeaProjects\kun.uz_lesson1\target\classes started by javox in C:\Users\javox\IdeaProjects\kun.uz_lesson1)
07 Feb 2024 - 21:15:28.101 DEBUG com.example.Application - Running with Spring Boot v3.2.2, Spring v6.1.3
07 Feb 2024 - 21:15:28.101 INFO  com.example.Application - No active profile set, falling back to 1 default profile: "default"
07 Feb 2024 - 21:15:28.613 INFO  o.s.d.r.c.RepositoryConfigurationDelegate - Bootstrapping Spring Data JPA repositories in DEFAULT mode.
07 Feb 2024 - 21:15:28.657 INFO  o.s.d.r.c.RepositoryConfigurationDelegate - Finished Spring Data repository scanning in 40 ms. Found 8 JPA repository interfaces.
07 Feb 2024 - 21:15:28.961 INFO  o.s.b.w.e.tomcat.TomcatWebServer - Tomcat initialized with port 8081 (http)
07 Feb 2024 - 21:15:28.968 INFO  o.a.catalina.core.StandardService - Starting service [Tomcat]
07 Feb 2024 - 21:15:28.968 INFO  o.a.catalina.core.StandardEngine - Starting Servlet engine: [Apache Tomcat/10.1.18]
07 Feb 2024 - 21:15:29.008 INFO  o.a.c.c.C.[Tomcat].[localhost].[/] - Initializing Spring embedded WebApplicationContext
07 Feb 2024 - 21:15:29.008 INFO  o.s.b.w.s.c.ServletWebServerApplicationContext - Root WebApplicationContext: initialization completed in 879 ms
07 Feb 2024 - 21:15:29.038 DEBUG com.example.config.TokenFilter - Filter 'filterRegistrationBean' configured for use
07 Feb 2024 - 21:15:29.098 INFO  o.h.jpa.internal.util.LogHelper - HHH000204: Processing PersistenceUnitInfo [name: default]
07 Feb 2024 - 21:15:29.127 INFO  org.hibernate.Version - HHH000412: Hibernate ORM core version 6.4.1.Final
07 Feb 2024 - 21:15:29.145 INFO  o.h.c.i.RegionFactoryInitiator - HHH000026: Second-level cache disabled
07 Feb 2024 - 21:15:29.286 INFO  o.s.o.j.p.SpringPersistenceUnitInfo - No LoadTimeWeaver setup: ignoring JPA class transformer
07 Feb 2024 - 21:15:29.301 INFO  com.zaxxer.hikari.HikariDataSource - HikariPool-1 - Starting...
07 Feb 2024 - 21:15:29.409 INFO  com.zaxxer.hikari.pool.HikariPool - HikariPool-1 - Added connection org.postgresql.jdbc.PgConnection@4dd1548e
07 Feb 2024 - 21:15:29.410 INFO  com.zaxxer.hikari.HikariDataSource - HikariPool-1 - Start completed.
07 Feb 2024 - 21:15:30.112 INFO  o.h.e.t.j.p.i.JtaPlatformInitiator - HHH000489: No JTA platform available (set 'hibernate.transaction.jta.platform' to enable JTA platform integration)
07 Feb 2024 - 21:15:30.197 INFO  o.s.o.j.LocalContainerEntityManagerFactoryBean - Initialized JPA EntityManagerFactory for persistence unit 'default'
07 Feb 2024 - 21:15:30.347 INFO  o.s.d.j.r.query.QueryEnhancerFactory - Hibernate is in classpath; If applicable, HQL parser will be used.
07 Feb 2024 - 21:15:30.751 WARN  o.s.b.a.o.j.JpaBaseConfiguration$JpaWebConfiguration - spring.jpa.open-in-view is enabled by default. Therefore, database queries may be performed during view rendering. Explicitly configure spring.jpa.open-in-view to disable this warning
07 Feb 2024 - 21:15:31.033 INFO  o.s.b.w.e.tomcat.TomcatWebServer - Tomcat started on port 8081 (http) with context path ''
07 Feb 2024 - 21:15:31.039 INFO  com.example.Application - Started Application in 3.196 seconds (process running for 3.531)
07 Feb 2024 - 21:15:41.098 INFO  o.a.c.c.C.[Tomcat].[localhost].[/] - Initializing Spring DispatcherServlet 'dispatcherServlet'
07 Feb 2024 - 21:15:41.098 INFO  o.s.web.servlet.DispatcherServlet - Initializing Servlet 'dispatcherServlet'
07 Feb 2024 - 21:15:41.103 INFO  o.s.web.servlet.DispatcherServlet - Completed initialization in 5 ms
07 Feb 2024 - 21:15:42.394 INFO  o.s.api.AbstractOpenApiResource - Init duration for springdoc-openapi is: 1024 ms
07 Feb 2024 - 21:17:33.664 INFO  o.s.o.j.LocalContainerEntityManagerFactoryBean - Closing JPA EntityManagerFactory for persistence unit 'default'
07 Feb 2024 - 21:17:33.665 INFO  com.zaxxer.hikari.HikariDataSource - HikariPool-1 - Shutdown initiated...
07 Feb 2024 - 21:17:33.667 INFO  com.zaxxer.hikari.HikariDataSource - HikariPool-1 - Shutdown completed.
07 Feb 2024 - 21:17:35.576 INFO  com.example.Application - Starting Application using Java 17.0.9 with PID 17496 (C:\Users\javox\IdeaProjects\kun.uz_lesson1\target\classes started by javox in C:\Users\javox\IdeaProjects\kun.uz_lesson1)
07 Feb 2024 - 21:17:35.583 DEBUG com.example.Application - Running with Spring Boot v3.2.2, Spring v6.1.3
07 Feb 2024 - 21:17:35.584 INFO  com.example.Application - No active profile set, falling back to 1 default profile: "default"
07 Feb 2024 - 21:17:36.078 INFO  o.s.d.r.c.RepositoryConfigurationDelegate - Bootstrapping Spring Data JPA repositories in DEFAULT mode.
07 Feb 2024 - 21:17:36.121 INFO  o.s.d.r.c.RepositoryConfigurationDelegate - Finished Spring Data repository scanning in 38 ms. Found 8 JPA repository interfaces.
07 Feb 2024 - 21:17:36.414 INFO  o.s.b.w.e.tomcat.TomcatWebServer - Tomcat initialized with port 8081 (http)
07 Feb 2024 - 21:17:36.421 INFO  o.a.catalina.core.StandardService - Starting service [Tomcat]
07 Feb 2024 - 21:17:36.422 INFO  o.a.catalina.core.StandardEngine - Starting Servlet engine: [Apache Tomcat/10.1.18]
07 Feb 2024 - 21:17:36.462 INFO  o.a.c.c.C.[Tomcat].[localhost].[/] - Initializing Spring embedded WebApplicationContext
07 Feb 2024 - 21:17:36.463 INFO  o.s.b.w.s.c.ServletWebServerApplicationContext - Root WebApplicationContext: initialization completed in 852 ms
07 Feb 2024 - 21:17:36.492 DEBUG com.example.config.TokenFilter - Filter 'filterRegistrationBean' configured for use
07 Feb 2024 - 21:17:36.554 INFO  o.h.jpa.internal.util.LogHelper - HHH000204: Processing PersistenceUnitInfo [name: default]
07 Feb 2024 - 21:17:36.587 INFO  org.hibernate.Version - HHH000412: Hibernate ORM core version 6.4.1.Final
07 Feb 2024 - 21:17:36.607 INFO  o.h.c.i.RegionFactoryInitiator - HHH000026: Second-level cache disabled
07 Feb 2024 - 21:17:36.757 INFO  o.s.o.j.p.SpringPersistenceUnitInfo - No LoadTimeWeaver setup: ignoring JPA class transformer
07 Feb 2024 - 21:17:36.773 INFO  com.zaxxer.hikari.HikariDataSource - HikariPool-1 - Starting...
07 Feb 2024 - 21:17:36.879 INFO  com.zaxxer.hikari.pool.HikariPool - HikariPool-1 - Added connection org.postgresql.jdbc.PgConnection@194b9783
07 Feb 2024 - 21:17:36.880 INFO  com.zaxxer.hikari.HikariDataSource - HikariPool-1 - Start completed.
07 Feb 2024 - 21:17:37.584 INFO  o.h.e.t.j.p.i.JtaPlatformInitiator - HHH000489: No JTA platform available (set 'hibernate.transaction.jta.platform' to enable JTA platform integration)
07 Feb 2024 - 21:17:37.673 INFO  o.s.o.j.LocalContainerEntityManagerFactoryBean - Initialized JPA EntityManagerFactory for persistence unit 'default'
07 Feb 2024 - 21:17:37.823 INFO  o.s.d.j.r.query.QueryEnhancerFactory - Hibernate is in classpath; If applicable, HQL parser will be used.
07 Feb 2024 - 21:17:38.235 WARN  o.s.b.a.o.j.JpaBaseConfiguration$JpaWebConfiguration - spring.jpa.open-in-view is enabled by default. Therefore, database queries may be performed during view rendering. Explicitly configure spring.jpa.open-in-view to disable this warning
07 Feb 2024 - 21:17:38.531 INFO  o.s.b.w.e.tomcat.TomcatWebServer - Tomcat started on port 8081 (http) with context path ''
07 Feb 2024 - 21:17:38.538 INFO  com.example.Application - Started Application in 3.215 seconds (process running for 3.536)
07 Feb 2024 - 21:17:42.683 INFO  o.s.o.j.LocalContainerEntityManagerFactoryBean - Closing JPA EntityManagerFactory for persistence unit 'default'
07 Feb 2024 - 21:17:42.685 INFO  com.zaxxer.hikari.HikariDataSource - HikariPool-1 - Shutdown initiated...
07 Feb 2024 - 21:17:42.689 INFO  com.zaxxer.hikari.HikariDataSource - HikariPool-1 - Shutdown completed.
07 Feb 2024 - 21:17:44.997 INFO  com.example.Application - Starting Application using Java 17.0.9 with PID 18808 (C:\Users\javox\IdeaProjects\kun.uz_lesson1\target\classes started by javox in C:\Users\javox\IdeaProjects\kun.uz_lesson1)
07 Feb 2024 - 21:17:45.005 DEBUG com.example.Application - Running with Spring Boot v3.2.2, Spring v6.1.3
07 Feb 2024 - 21:17:45.005 INFO  com.example.Application - No active profile set, falling back to 1 default profile: "default"
07 Feb 2024 - 21:17:45.512 INFO  o.s.d.r.c.RepositoryConfigurationDelegate - Bootstrapping Spring Data JPA repositories in DEFAULT mode.
07 Feb 2024 - 21:17:45.557 INFO  o.s.d.r.c.RepositoryConfigurationDelegate - Finished Spring Data repository scanning in 40 ms. Found 8 JPA repository interfaces.
07 Feb 2024 - 21:17:45.877 INFO  o.s.b.w.e.tomcat.TomcatWebServer - Tomcat initialized with port 8081 (http)
07 Feb 2024 - 21:17:45.883 INFO  o.a.catalina.core.StandardService - Starting service [Tomcat]
07 Feb 2024 - 21:17:45.884 INFO  o.a.catalina.core.StandardEngine - Starting Servlet engine: [Apache Tomcat/10.1.18]
07 Feb 2024 - 21:17:45.926 INFO  o.a.c.c.C.[Tomcat].[localhost].[/] - Initializing Spring embedded WebApplicationContext
07 Feb 2024 - 21:17:45.926 INFO  o.s.b.w.s.c.ServletWebServerApplicationContext - Root WebApplicationContext: initialization completed in 895 ms
07 Feb 2024 - 21:17:45.959 DEBUG com.example.config.TokenFilter - Filter 'filterRegistrationBean' configured for use
07 Feb 2024 - 21:17:46.024 INFO  o.h.jpa.internal.util.LogHelper - HHH000204: Processing PersistenceUnitInfo [name: default]
07 Feb 2024 - 21:17:46.057 INFO  org.hibernate.Version - HHH000412: Hibernate ORM core version 6.4.1.Final
07 Feb 2024 - 21:17:46.075 INFO  o.h.c.i.RegionFactoryInitiator - HHH000026: Second-level cache disabled
07 Feb 2024 - 21:17:46.223 INFO  o.s.o.j.p.SpringPersistenceUnitInfo - No LoadTimeWeaver setup: ignoring JPA class transformer
07 Feb 2024 - 21:17:46.240 INFO  com.zaxxer.hikari.HikariDataSource - HikariPool-1 - Starting...
07 Feb 2024 - 21:17:46.359 INFO  com.zaxxer.hikari.pool.HikariPool - HikariPool-1 - Added connection org.postgresql.jdbc.PgConnection@46c662f2
07 Feb 2024 - 21:17:46.360 INFO  com.zaxxer.hikari.HikariDataSource - HikariPool-1 - Start completed.
07 Feb 2024 - 21:17:47.065 INFO  o.h.e.t.j.p.i.JtaPlatformInitiator - HHH000489: No JTA platform available (set 'hibernate.transaction.jta.platform' to enable JTA platform integration)
07 Feb 2024 - 21:17:47.162 INFO  o.s.o.j.LocalContainerEntityManagerFactoryBean - Initialized JPA EntityManagerFactory for persistence unit 'default'
07 Feb 2024 - 21:17:47.339 INFO  o.s.d.j.r.query.QueryEnhancerFactory - Hibernate is in classpath; If applicable, HQL parser will be used.
07 Feb 2024 - 21:17:47.884 WARN  o.s.b.a.o.j.JpaBaseConfiguration$JpaWebConfiguration - spring.jpa.open-in-view is enabled by default. Therefore, database queries may be performed during view rendering. Explicitly configure spring.jpa.open-in-view to disable this warning
07 Feb 2024 - 21:17:48.262 INFO  o.s.b.w.e.tomcat.TomcatWebServer - Tomcat started on port 8081 (http) with context path ''
07 Feb 2024 - 21:17:48.269 INFO  com.example.Application - Started Application in 3.529 seconds (process running for 3.844)
07 Feb 2024 - 21:18:29.706 INFO  o.s.o.j.LocalContainerEntityManagerFactoryBean - Closing JPA EntityManagerFactory for persistence unit 'default'
07 Feb 2024 - 21:18:29.710 INFO  com.zaxxer.hikari.HikariDataSource - HikariPool-1 - Shutdown initiated...
07 Feb 2024 - 21:18:29.716 INFO  com.zaxxer.hikari.HikariDataSource - HikariPool-1 - Shutdown completed.
07 Feb 2024 - 21:18:32.381 INFO  com.example.Application - Starting Application using Java 17.0.9 with PID 20088 (C:\Users\javox\IdeaProjects\kun.uz_lesson1\target\classes started by javox in C:\Users\javox\IdeaProjects\kun.uz_lesson1)
07 Feb 2024 - 21:18:32.388 DEBUG com.example.Application - Running with Spring Boot v3.2.2, Spring v6.1.3
07 Feb 2024 - 21:18:32.389 INFO  com.example.Application - No active profile set, falling back to 1 default profile: "default"
07 Feb 2024 - 21:18:32.918 INFO  o.s.d.r.c.RepositoryConfigurationDelegate - Bootstrapping Spring Data JPA repositories in DEFAULT mode.
07 Feb 2024 - 21:18:32.963 INFO  o.s.d.r.c.RepositoryConfigurationDelegate - Finished Spring Data repository scanning in 41 ms. Found 8 JPA repository interfaces.
07 Feb 2024 - 21:18:33.267 INFO  o.s.b.w.e.tomcat.TomcatWebServer - Tomcat initialized with port 8081 (http)
07 Feb 2024 - 21:18:33.274 INFO  o.a.catalina.core.StandardService - Starting service [Tomcat]
07 Feb 2024 - 21:18:33.275 INFO  o.a.catalina.core.StandardEngine - Starting Servlet engine: [Apache Tomcat/10.1.18]
07 Feb 2024 - 21:18:33.315 INFO  o.a.c.c.C.[Tomcat].[localhost].[/] - Initializing Spring embedded WebApplicationContext
07 Feb 2024 - 21:18:33.316 INFO  o.s.b.w.s.c.ServletWebServerApplicationContext - Root WebApplicationContext: initialization completed in 895 ms
07 Feb 2024 - 21:18:33.346 DEBUG com.example.config.TokenFilter - Filter 'filterRegistrationBean' configured for use
07 Feb 2024 - 21:18:33.406 INFO  o.h.jpa.internal.util.LogHelper - HHH000204: Processing PersistenceUnitInfo [name: default]
07 Feb 2024 - 21:18:33.439 INFO  org.hibernate.Version - HHH000412: Hibernate ORM core version 6.4.1.Final
07 Feb 2024 - 21:18:33.460 INFO  o.h.c.i.RegionFactoryInitiator - HHH000026: Second-level cache disabled
07 Feb 2024 - 21:18:33.599 INFO  o.s.o.j.p.SpringPersistenceUnitInfo - No LoadTimeWeaver setup: ignoring JPA class transformer
07 Feb 2024 - 21:18:33.614 INFO  com.zaxxer.hikari.HikariDataSource - HikariPool-1 - Starting...
07 Feb 2024 - 21:18:33.724 INFO  com.zaxxer.hikari.pool.HikariPool - HikariPool-1 - Added connection org.postgresql.jdbc.PgConnection@6451a288
07 Feb 2024 - 21:18:33.725 INFO  com.zaxxer.hikari.HikariDataSource - HikariPool-1 - Start completed.
07 Feb 2024 - 21:18:34.460 INFO  o.h.e.t.j.p.i.JtaPlatformInitiator - HHH000489: No JTA platform available (set 'hibernate.transaction.jta.platform' to enable JTA platform integration)
07 Feb 2024 - 21:18:34.543 INFO  o.s.o.j.LocalContainerEntityManagerFactoryBean - Initialized JPA EntityManagerFactory for persistence unit 'default'
07 Feb 2024 - 21:18:34.693 INFO  o.s.d.j.r.query.QueryEnhancerFactory - Hibernate is in classpath; If applicable, HQL parser will be used.
07 Feb 2024 - 21:18:35.108 WARN  o.s.b.a.o.j.JpaBaseConfiguration$JpaWebConfiguration - spring.jpa.open-in-view is enabled by default. Therefore, database queries may be performed during view rendering. Explicitly configure spring.jpa.open-in-view to disable this warning
07 Feb 2024 - 21:18:35.393 INFO  o.s.b.w.e.tomcat.TomcatWebServer - Tomcat started on port 8081 (http) with context path ''
07 Feb 2024 - 21:18:35.400 INFO  com.example.Application - Started Application in 3.291 seconds (process running for 3.618)
07 Feb 2024 - 21:19:09.313 INFO  o.s.o.j.LocalContainerEntityManagerFactoryBean - Closing JPA EntityManagerFactory for persistence unit 'default'
07 Feb 2024 - 21:19:09.318 INFO  com.zaxxer.hikari.HikariDataSource - HikariPool-1 - Shutdown initiated...
07 Feb 2024 - 21:19:09.325 INFO  com.zaxxer.hikari.HikariDataSource - HikariPool-1 - Shutdown completed.
07 Feb 2024 - 21:19:11.134 INFO  com.example.Application - Starting Application using Java 17.0.9 with PID 4912 (C:\Users\javox\IdeaProjects\kun.uz_lesson1\target\classes started by javox in C:\Users\javox\IdeaProjects\kun.uz_lesson1)
07 Feb 2024 - 21:19:11.142 DEBUG com.example.Application - Running with Spring Boot v3.2.2, Spring v6.1.3
07 Feb 2024 - 21:19:11.143 INFO  com.example.Application - No active profile set, falling back to 1 default profile: "default"
07 Feb 2024 - 21:19:11.655 INFO  o.s.d.r.c.RepositoryConfigurationDelegate - Bootstrapping Spring Data JPA repositories in DEFAULT mode.
07 Feb 2024 - 21:19:11.701 INFO  o.s.d.r.c.RepositoryConfigurationDelegate - Finished Spring Data repository scanning in 41 ms. Found 8 JPA repository interfaces.
07 Feb 2024 - 21:19:12.035 INFO  o.s.b.w.e.tomcat.TomcatWebServer - Tomcat initialized with port 8081 (http)
07 Feb 2024 - 21:19:12.044 INFO  o.a.catalina.core.StandardService - Starting service [Tomcat]
07 Feb 2024 - 21:19:12.044 INFO  o.a.catalina.core.StandardEngine - Starting Servlet engine: [Apache Tomcat/10.1.18]
07 Feb 2024 - 21:19:12.090 INFO  o.a.c.c.C.[Tomcat].[localhost].[/] - Initializing Spring embedded WebApplicationContext
07 Feb 2024 - 21:19:12.091 INFO  o.s.b.w.s.c.ServletWebServerApplicationContext - Root WebApplicationContext: initialization completed in 921 ms
07 Feb 2024 - 21:19:12.125 DEBUG com.example.config.TokenFilter - Filter 'filterRegistrationBean' configured for use
07 Feb 2024 - 21:19:12.199 INFO  o.h.jpa.internal.util.LogHelper - HHH000204: Processing PersistenceUnitInfo [name: default]
07 Feb 2024 - 21:19:12.231 INFO  org.hibernate.Version - HHH000412: Hibernate ORM core version 6.4.1.Final
07 Feb 2024 - 21:19:12.255 INFO  o.h.c.i.RegionFactoryInitiator - HHH000026: Second-level cache disabled
07 Feb 2024 - 21:19:12.417 INFO  o.s.o.j.p.SpringPersistenceUnitInfo - No LoadTimeWeaver setup: ignoring JPA class transformer
07 Feb 2024 - 21:19:12.435 INFO  com.zaxxer.hikari.HikariDataSource - HikariPool-1 - Starting...
07 Feb 2024 - 21:19:12.555 INFO  com.zaxxer.hikari.pool.HikariPool - HikariPool-1 - Added connection org.postgresql.jdbc.PgConnection@2913ca3e
07 Feb 2024 - 21:19:12.557 INFO  com.zaxxer.hikari.HikariDataSource - HikariPool-1 - Start completed.
07 Feb 2024 - 21:19:13.308 INFO  o.h.e.t.j.p.i.JtaPlatformInitiator - HHH000489: No JTA platform available (set 'hibernate.transaction.jta.platform' to enable JTA platform integration)
07 Feb 2024 - 21:19:13.395 INFO  o.s.o.j.LocalContainerEntityManagerFactoryBean - Initialized JPA EntityManagerFactory for persistence unit 'default'
07 Feb 2024 - 21:19:13.548 INFO  o.s.d.j.r.query.QueryEnhancerFactory - Hibernate is in classpath; If applicable, HQL parser will be used.
07 Feb 2024 - 21:19:13.956 WARN  o.s.b.a.o.j.JpaBaseConfiguration$JpaWebConfiguration - spring.jpa.open-in-view is enabled by default. Therefore, database queries may be performed during view rendering. Explicitly configure spring.jpa.open-in-view to disable this warning
07 Feb 2024 - 21:19:14.252 INFO  o.s.b.w.e.tomcat.TomcatWebServer - Tomcat started on port 8081 (http) with context path ''
07 Feb 2024 - 21:19:14.259 INFO  com.example.Application - Started Application in 3.395 seconds (process running for 3.731)
07 Feb 2024 - 21:19:34.866 INFO  o.s.o.j.LocalContainerEntityManagerFactoryBean - Closing JPA EntityManagerFactory for persistence unit 'default'
07 Feb 2024 - 21:19:34.874 INFO  com.zaxxer.hikari.HikariDataSource - HikariPool-1 - Shutdown initiated...
07 Feb 2024 - 21:19:34.889 INFO  com.zaxxer.hikari.HikariDataSource - HikariPool-1 - Shutdown completed.
07 Feb 2024 - 21:19:36.928 INFO  com.example.Application - Starting Application using Java 17.0.9 with PID 15344 (C:\Users\javox\IdeaProjects\kun.uz_lesson1\target\classes started by javox in C:\Users\javox\IdeaProjects\kun.uz_lesson1)
07 Feb 2024 - 21:19:36.936 DEBUG com.example.Application - Running with Spring Boot v3.2.2, Spring v6.1.3
07 Feb 2024 - 21:19:36.936 INFO  com.example.Application - No active profile set, falling back to 1 default profile: "default"
07 Feb 2024 - 21:19:37.561 INFO  o.s.d.r.c.RepositoryConfigurationDelegate - Bootstrapping Spring Data JPA repositories in DEFAULT mode.
07 Feb 2024 - 21:19:37.613 INFO  o.s.d.r.c.RepositoryConfigurationDelegate - Finished Spring Data repository scanning in 46 ms. Found 8 JPA repository interfaces.
07 Feb 2024 - 21:19:38.014 INFO  o.s.b.w.e.tomcat.TomcatWebServer - Tomcat initialized with port 8081 (http)
07 Feb 2024 - 21:19:38.024 INFO  o.a.catalina.core.StandardService - Starting service [Tomcat]
07 Feb 2024 - 21:19:38.024 INFO  o.a.catalina.core.StandardEngine - Starting Servlet engine: [Apache Tomcat/10.1.18]
07 Feb 2024 - 21:19:38.075 INFO  o.a.c.c.C.[Tomcat].[localhost].[/] - Initializing Spring embedded WebApplicationContext
07 Feb 2024 - 21:19:38.075 INFO  o.s.b.w.s.c.ServletWebServerApplicationContext - Root WebApplicationContext: initialization completed in 1109 ms
07 Feb 2024 - 21:19:38.116 DEBUG com.example.config.TokenFilter - Filter 'filterRegistrationBean' configured for use
07 Feb 2024 - 21:19:38.200 INFO  o.h.jpa.internal.util.LogHelper - HHH000204: Processing PersistenceUnitInfo [name: default]
07 Feb 2024 - 21:19:38.254 INFO  org.hibernate.Version - HHH000412: Hibernate ORM core version 6.4.1.Final
07 Feb 2024 - 21:19:38.279 INFO  o.h.c.i.RegionFactoryInitiator - HHH000026: Second-level cache disabled
07 Feb 2024 - 21:19:38.461 INFO  o.s.o.j.p.SpringPersistenceUnitInfo - No LoadTimeWeaver setup: ignoring JPA class transformer
07 Feb 2024 - 21:19:38.481 INFO  com.zaxxer.hikari.HikariDataSource - HikariPool-1 - Starting...
07 Feb 2024 - 21:19:38.610 INFO  com.zaxxer.hikari.pool.HikariPool - HikariPool-1 - Added connection org.postgresql.jdbc.PgConnection@2913ca3e
07 Feb 2024 - 21:19:38.611 INFO  com.zaxxer.hikari.HikariDataSource - HikariPool-1 - Start completed.
07 Feb 2024 - 21:19:39.474 INFO  o.h.e.t.j.p.i.JtaPlatformInitiator - HHH000489: No JTA platform available (set 'hibernate.transaction.jta.platform' to enable JTA platform integration)
07 Feb 2024 - 21:19:39.585 INFO  o.s.o.j.LocalContainerEntityManagerFactoryBean - Initialized JPA EntityManagerFactory for persistence unit 'default'
07 Feb 2024 - 21:19:39.776 INFO  o.s.d.j.r.query.QueryEnhancerFactory - Hibernate is in classpath; If applicable, HQL parser will be used.
07 Feb 2024 - 21:19:40.253 WARN  o.s.b.a.o.j.JpaBaseConfiguration$JpaWebConfiguration - spring.jpa.open-in-view is enabled by default. Therefore, database queries may be performed during view rendering. Explicitly configure spring.jpa.open-in-view to disable this warning
07 Feb 2024 - 21:19:40.586 INFO  o.s.b.w.e.tomcat.TomcatWebServer - Tomcat started on port 8081 (http) with context path ''
07 Feb 2024 - 21:19:40.593 INFO  com.example.Application - Started Application in 3.972 seconds (process running for 4.427)
07 Feb 2024 - 21:21:18.632 INFO  o.s.o.j.LocalContainerEntityManagerFactoryBean - Closing JPA EntityManagerFactory for persistence unit 'default'
07 Feb 2024 - 21:21:18.635 INFO  com.zaxxer.hikari.HikariDataSource - HikariPool-1 - Shutdown initiated...
07 Feb 2024 - 21:21:18.645 INFO  com.zaxxer.hikari.HikariDataSource - HikariPool-1 - Shutdown completed.
07 Feb 2024 - 21:21:20.249 INFO  com.example.Application - Starting Application using Java 17.0.9 with PID 17120 (C:\Users\javox\IdeaProjects\kun.uz_lesson1\target\classes started by javox in C:\Users\javox\IdeaProjects\kun.uz_lesson1)
07 Feb 2024 - 21:21:20.258 DEBUG com.example.Application - Running with Spring Boot v3.2.2, Spring v6.1.3
07 Feb 2024 - 21:21:20.259 INFO  com.example.Application - No active profile set, falling back to 1 default profile: "default"
07 Feb 2024 - 21:21:20.860 INFO  o.s.d.r.c.RepositoryConfigurationDelegate - Bootstrapping Spring Data JPA repositories in DEFAULT mode.
07 Feb 2024 - 21:21:20.915 INFO  o.s.d.r.c.RepositoryConfigurationDelegate - Finished Spring Data repository scanning in 49 ms. Found 8 JPA repository interfaces.
07 Feb 2024 - 21:21:21.331 INFO  o.s.b.w.e.tomcat.TomcatWebServer - Tomcat initialized with port 8081 (http)
07 Feb 2024 - 21:21:21.339 INFO  o.a.catalina.core.StandardService - Starting service [Tomcat]
07 Feb 2024 - 21:21:21.339 INFO  o.a.catalina.core.StandardEngine - Starting Servlet engine: [Apache Tomcat/10.1.18]
07 Feb 2024 - 21:21:21.382 INFO  o.a.c.c.C.[Tomcat].[localhost].[/] - Initializing Spring embedded WebApplicationContext
07 Feb 2024 - 21:21:21.383 INFO  o.s.b.w.s.c.ServletWebServerApplicationContext - Root WebApplicationContext: initialization completed in 1092 ms
07 Feb 2024 - 21:21:21.420 DEBUG com.example.config.TokenFilter - Filter 'filterRegistrationBean' configured for use
07 Feb 2024 - 21:21:21.482 INFO  o.h.jpa.internal.util.LogHelper - HHH000204: Processing PersistenceUnitInfo [name: default]
07 Feb 2024 - 21:21:21.515 INFO  org.hibernate.Version - HHH000412: Hibernate ORM core version 6.4.1.Final
07 Feb 2024 - 21:21:21.543 INFO  o.h.c.i.RegionFactoryInitiator - HHH000026: Second-level cache disabled
07 Feb 2024 - 21:21:21.703 INFO  o.s.o.j.p.SpringPersistenceUnitInfo - No LoadTimeWeaver setup: ignoring JPA class transformer
07 Feb 2024 - 21:21:21.720 INFO  com.zaxxer.hikari.HikariDataSource - HikariPool-1 - Starting...
07 Feb 2024 - 21:21:21.840 INFO  com.zaxxer.hikari.pool.HikariPool - HikariPool-1 - Added connection org.postgresql.jdbc.PgConnection@2913ca3e
07 Feb 2024 - 21:21:21.841 INFO  com.zaxxer.hikari.HikariDataSource - HikariPool-1 - Start completed.
07 Feb 2024 - 21:21:22.651 INFO  o.h.e.t.j.p.i.JtaPlatformInitiator - HHH000489: No JTA platform available (set 'hibernate.transaction.jta.platform' to enable JTA platform integration)
07 Feb 2024 - 21:21:22.742 INFO  o.s.o.j.LocalContainerEntityManagerFactoryBean - Initialized JPA EntityManagerFactory for persistence unit 'default'
07 Feb 2024 - 21:21:22.920 INFO  o.s.d.j.r.query.QueryEnhancerFactory - Hibernate is in classpath; If applicable, HQL parser will be used.
07 Feb 2024 - 21:21:23.429 WARN  o.s.b.a.o.j.JpaBaseConfiguration$JpaWebConfiguration - spring.jpa.open-in-view is enabled by default. Therefore, database queries may be performed during view rendering. Explicitly configure spring.jpa.open-in-view to disable this warning
07 Feb 2024 - 21:21:23.808 INFO  o.s.b.w.e.tomcat.TomcatWebServer - Tomcat started on port 8081 (http) with context path ''
07 Feb 2024 - 21:21:23.816 INFO  com.example.Application - Started Application in 3.882 seconds (process running for 4.258)
07 Feb 2024 - 21:21:35.496 INFO  o.s.o.j.LocalContainerEntityManagerFactoryBean - Closing JPA EntityManagerFactory for persistence unit 'default'
07 Feb 2024 - 21:21:35.498 INFO  com.zaxxer.hikari.HikariDataSource - HikariPool-1 - Shutdown initiated...
07 Feb 2024 - 21:21:35.513 INFO  com.zaxxer.hikari.HikariDataSource - HikariPool-1 - Shutdown completed.
07 Feb 2024 - 21:21:37.838 INFO  com.example.Application - Starting Application using Java 17.0.9 with PID 15936 (C:\Users\javox\IdeaProjects\kun.uz_lesson1\target\classes started by javox in C:\Users\javox\IdeaProjects\kun.uz_lesson1)
07 Feb 2024 - 21:21:37.846 DEBUG com.example.Application - Running with Spring Boot v3.2.2, Spring v6.1.3
07 Feb 2024 - 21:21:37.846 INFO  com.example.Application - No active profile set, falling back to 1 default profile: "default"
07 Feb 2024 - 21:21:38.464 INFO  o.s.d.r.c.RepositoryConfigurationDelegate - Bootstrapping Spring Data JPA repositories in DEFAULT mode.
07 Feb 2024 - 21:21:38.512 INFO  o.s.d.r.c.RepositoryConfigurationDelegate - Finished Spring Data repository scanning in 44 ms. Found 8 JPA repository interfaces.
07 Feb 2024 - 21:21:38.850 INFO  o.s.b.w.e.tomcat.TomcatWebServer - Tomcat initialized with port 8081 (http)
07 Feb 2024 - 21:21:38.857 INFO  o.a.catalina.core.StandardService - Starting service [Tomcat]
07 Feb 2024 - 21:21:38.858 INFO  o.a.catalina.core.StandardEngine - Starting Servlet engine: [Apache Tomcat/10.1.18]
07 Feb 2024 - 21:21:38.923 INFO  o.a.c.c.C.[Tomcat].[localhost].[/] - Initializing Spring embedded WebApplicationContext
07 Feb 2024 - 21:21:38.924 INFO  o.s.b.w.s.c.ServletWebServerApplicationContext - Root WebApplicationContext: initialization completed in 1046 ms
07 Feb 2024 - 21:21:38.972 DEBUG com.example.config.TokenFilter - Filter 'filterRegistrationBean' configured for use
07 Feb 2024 - 21:21:39.076 INFO  o.h.jpa.internal.util.LogHelper - HHH000204: Processing PersistenceUnitInfo [name: default]
07 Feb 2024 - 21:21:39.122 INFO  org.hibernate.Version - HHH000412: Hibernate ORM core version 6.4.1.Final
07 Feb 2024 - 21:21:39.150 INFO  o.h.c.i.RegionFactoryInitiator - HHH000026: Second-level cache disabled
07 Feb 2024 - 21:21:39.340 INFO  o.s.o.j.p.SpringPersistenceUnitInfo - No LoadTimeWeaver setup: ignoring JPA class transformer
07 Feb 2024 - 21:21:39.359 INFO  com.zaxxer.hikari.HikariDataSource - HikariPool-1 - Starting...
07 Feb 2024 - 21:21:39.501 INFO  com.zaxxer.hikari.pool.HikariPool - HikariPool-1 - Added connection org.postgresql.jdbc.PgConnection@5fde1d64
07 Feb 2024 - 21:21:39.503 INFO  com.zaxxer.hikari.HikariDataSource - HikariPool-1 - Start completed.
07 Feb 2024 - 21:21:40.322 INFO  o.h.e.t.j.p.i.JtaPlatformInitiator - HHH000489: No JTA platform available (set 'hibernate.transaction.jta.platform' to enable JTA platform integration)
07 Feb 2024 - 21:21:40.416 INFO  o.s.o.j.LocalContainerEntityManagerFactoryBean - Initialized JPA EntityManagerFactory for persistence unit 'default'
07 Feb 2024 - 21:21:40.583 INFO  o.s.d.j.r.query.QueryEnhancerFactory - Hibernate is in classpath; If applicable, HQL parser will be used.
07 Feb 2024 - 21:21:41.047 WARN  o.s.b.a.o.j.JpaBaseConfiguration$JpaWebConfiguration - spring.jpa.open-in-view is enabled by default. Therefore, database queries may be performed during view rendering. Explicitly configure spring.jpa.open-in-view to disable this warning
07 Feb 2024 - 21:21:41.359 INFO  o.s.b.w.e.tomcat.TomcatWebServer - Tomcat started on port 8081 (http) with context path ''
07 Feb 2024 - 21:21:41.367 INFO  com.example.Application - Started Application in 3.831 seconds (process running for 4.199)
07 Feb 2024 - 21:22:24.725 INFO  o.s.o.j.LocalContainerEntityManagerFactoryBean - Closing JPA EntityManagerFactory for persistence unit 'default'
07 Feb 2024 - 21:22:24.727 INFO  com.zaxxer.hikari.HikariDataSource - HikariPool-1 - Shutdown initiated...
07 Feb 2024 - 21:22:24.733 INFO  com.zaxxer.hikari.HikariDataSource - HikariPool-1 - Shutdown completed.
07 Feb 2024 - 21:22:26.631 INFO  com.example.Application - Starting Application using Java 17.0.9 with PID 3256 (C:\Users\javox\IdeaProjects\kun.uz_lesson1\target\classes started by javox in C:\Users\javox\IdeaProjects\kun.uz_lesson1)
07 Feb 2024 - 21:22:26.641 DEBUG com.example.Application - Running with Spring Boot v3.2.2, Spring v6.1.3
07 Feb 2024 - 21:22:26.642 INFO  com.example.Application - No active profile set, falling back to 1 default profile: "default"
07 Feb 2024 - 21:22:27.214 INFO  o.s.d.r.c.RepositoryConfigurationDelegate - Bootstrapping Spring Data JPA repositories in DEFAULT mode.
07 Feb 2024 - 21:22:27.262 INFO  o.s.d.r.c.RepositoryConfigurationDelegate - Finished Spring Data repository scanning in 42 ms. Found 8 JPA repository interfaces.
07 Feb 2024 - 21:22:27.598 INFO  o.s.b.w.e.tomcat.TomcatWebServer - Tomcat initialized with port 8081 (http)
07 Feb 2024 - 21:22:27.605 INFO  o.a.catalina.core.StandardService - Starting service [Tomcat]
07 Feb 2024 - 21:22:27.606 INFO  o.a.catalina.core.StandardEngine - Starting Servlet engine: [Apache Tomcat/10.1.18]
07 Feb 2024 - 21:22:27.649 INFO  o.a.c.c.C.[Tomcat].[localhost].[/] - Initializing Spring embedded WebApplicationContext
07 Feb 2024 - 21:22:27.650 INFO  o.s.b.w.s.c.ServletWebServerApplicationContext - Root WebApplicationContext: initialization completed in 975 ms
07 Feb 2024 - 21:22:27.682 DEBUG com.example.config.TokenFilter - Filter 'filterRegistrationBean' configured for use
07 Feb 2024 - 21:22:27.747 INFO  o.h.jpa.internal.util.LogHelper - HHH000204: Processing PersistenceUnitInfo [name: default]
07 Feb 2024 - 21:22:27.782 INFO  org.hibernate.Version - HHH000412: Hibernate ORM core version 6.4.1.Final
07 Feb 2024 - 21:22:27.818 INFO  o.h.c.i.RegionFactoryInitiator - HHH000026: Second-level cache disabled
07 Feb 2024 - 21:22:28.008 INFO  o.s.o.j.p.SpringPersistenceUnitInfo - No LoadTimeWeaver setup: ignoring JPA class transformer
07 Feb 2024 - 21:22:28.027 INFO  com.zaxxer.hikari.HikariDataSource - HikariPool-1 - Starting...
07 Feb 2024 - 21:22:28.150 INFO  com.zaxxer.hikari.pool.HikariPool - HikariPool-1 - Added connection org.postgresql.jdbc.PgConnection@71ad959b
07 Feb 2024 - 21:22:28.152 INFO  com.zaxxer.hikari.HikariDataSource - HikariPool-1 - Start completed.
07 Feb 2024 - 21:22:29.053 INFO  o.h.e.t.j.p.i.JtaPlatformInitiator - HHH000489: No JTA platform available (set 'hibernate.transaction.jta.platform' to enable JTA platform integration)
07 Feb 2024 - 21:22:29.155 INFO  o.s.o.j.LocalContainerEntityManagerFactoryBean - Initialized JPA EntityManagerFactory for persistence unit 'default'
07 Feb 2024 - 21:22:29.339 INFO  o.s.d.j.r.query.QueryEnhancerFactory - Hibernate is in classpath; If applicable, HQL parser will be used.
07 Feb 2024 - 21:22:29.833 WARN  o.s.b.a.o.j.JpaBaseConfiguration$JpaWebConfiguration - spring.jpa.open-in-view is enabled by default. Therefore, database queries may be performed during view rendering. Explicitly configure spring.jpa.open-in-view to disable this warning
07 Feb 2024 - 21:22:30.169 INFO  o.s.b.w.e.tomcat.TomcatWebServer - Tomcat started on port 8081 (http) with context path ''
07 Feb 2024 - 21:22:30.176 INFO  com.example.Application - Started Application in 3.857 seconds (process running for 4.239)
07 Feb 2024 - 21:25:41.550 INFO  o.s.o.j.LocalContainerEntityManagerFactoryBean - Closing JPA EntityManagerFactory for persistence unit 'default'
07 Feb 2024 - 21:25:41.552 INFO  com.zaxxer.hikari.HikariDataSource - HikariPool-1 - Shutdown initiated...
07 Feb 2024 - 21:25:41.558 INFO  com.zaxxer.hikari.HikariDataSource - HikariPool-1 - Shutdown completed.
07 Feb 2024 - 21:25:45.992 INFO  com.example.Application - Starting Application using Java 17.0.9 with PID 13732 (C:\Users\javox\IdeaProjects\kun.uz_lesson1\target\classes started by javox in C:\Users\javox\IdeaProjects\kun.uz_lesson1)
07 Feb 2024 - 21:25:46.000 DEBUG com.example.Application - Running with Spring Boot v3.2.2, Spring v6.1.3
07 Feb 2024 - 21:25:46.000 INFO  com.example.Application - No active profile set, falling back to 1 default profile: "default"
07 Feb 2024 - 21:25:46.633 INFO  o.s.d.r.c.RepositoryConfigurationDelegate - Bootstrapping Spring Data JPA repositories in DEFAULT mode.
07 Feb 2024 - 21:25:46.682 INFO  o.s.d.r.c.RepositoryConfigurationDelegate - Finished Spring Data repository scanning in 44 ms. Found 8 JPA repository interfaces.
07 Feb 2024 - 21:25:47.053 INFO  o.s.b.w.e.tomcat.TomcatWebServer - Tomcat initialized with port 8081 (http)
07 Feb 2024 - 21:25:47.061 INFO  o.a.catalina.core.StandardService - Starting service [Tomcat]
07 Feb 2024 - 21:25:47.061 INFO  o.a.catalina.core.StandardEngine - Starting Servlet engine: [Apache Tomcat/10.1.18]
07 Feb 2024 - 21:25:47.114 INFO  o.a.c.c.C.[Tomcat].[localhost].[/] - Initializing Spring embedded WebApplicationContext
07 Feb 2024 - 21:25:47.114 INFO  o.s.b.w.s.c.ServletWebServerApplicationContext - Root WebApplicationContext: initialization completed in 1078 ms
07 Feb 2024 - 21:25:47.158 DEBUG com.example.config.TokenFilter - Filter 'filterRegistrationBean' configured for use
07 Feb 2024 - 21:25:47.232 INFO  o.h.jpa.internal.util.LogHelper - HHH000204: Processing PersistenceUnitInfo [name: default]
07 Feb 2024 - 21:25:47.278 INFO  org.hibernate.Version - HHH000412: Hibernate ORM core version 6.4.1.Final
07 Feb 2024 - 21:25:47.308 INFO  o.h.c.i.RegionFactoryInitiator - HHH000026: Second-level cache disabled
07 Feb 2024 - 21:25:47.485 INFO  o.s.o.j.p.SpringPersistenceUnitInfo - No LoadTimeWeaver setup: ignoring JPA class transformer
07 Feb 2024 - 21:25:47.506 INFO  com.zaxxer.hikari.HikariDataSource - HikariPool-1 - Starting...
07 Feb 2024 - 21:25:47.625 INFO  com.zaxxer.hikari.pool.HikariPool - HikariPool-1 - Added connection org.postgresql.jdbc.PgConnection@74cd798f
07 Feb 2024 - 21:25:47.626 INFO  com.zaxxer.hikari.HikariDataSource - HikariPool-1 - Start completed.
07 Feb 2024 - 21:25:48.507 INFO  o.h.e.t.j.p.i.JtaPlatformInitiator - HHH000489: No JTA platform available (set 'hibernate.transaction.jta.platform' to enable JTA platform integration)
07 Feb 2024 - 21:25:48.622 INFO  o.s.o.j.LocalContainerEntityManagerFactoryBean - Initialized JPA EntityManagerFactory for persistence unit 'default'
07 Feb 2024 - 21:25:48.810 INFO  o.s.d.j.r.query.QueryEnhancerFactory - Hibernate is in classpath; If applicable, HQL parser will be used.
07 Feb 2024 - 21:25:49.301 WARN  o.s.b.a.o.j.JpaBaseConfiguration$JpaWebConfiguration - spring.jpa.open-in-view is enabled by default. Therefore, database queries may be performed during view rendering. Explicitly configure spring.jpa.open-in-view to disable this warning
07 Feb 2024 - 21:25:49.635 INFO  o.s.b.w.e.tomcat.TomcatWebServer - Tomcat started on port 8081 (http) with context path ''
07 Feb 2024 - 21:25:49.641 INFO  com.example.Application - Started Application in 3.975 seconds (process running for 4.405)
07 Feb 2024 - 21:26:08.013 INFO  o.a.c.c.C.[Tomcat].[localhost].[/] - Initializing Spring DispatcherServlet 'dispatcherServlet'
07 Feb 2024 - 21:26:08.013 INFO  o.s.web.servlet.DispatcherServlet - Initializing Servlet 'dispatcherServlet'
07 Feb 2024 - 21:26:08.020 INFO  o.s.web.servlet.DispatcherServlet - Completed initialization in 7 ms
07 Feb 2024 - 21:26:09.268 INFO  o.s.api.AbstractOpenApiResource - Init duration for springdoc-openapi is: 1019 ms
07 Feb 2024 - 21:27:49.678 INFO  o.s.o.j.LocalContainerEntityManagerFactoryBean - Closing JPA EntityManagerFactory for persistence unit 'default'
07 Feb 2024 - 21:27:49.680 INFO  com.zaxxer.hikari.HikariDataSource - HikariPool-1 - Shutdown initiated...
07 Feb 2024 - 21:27:49.685 INFO  com.zaxxer.hikari.HikariDataSource - HikariPool-1 - Shutdown completed.
07 Feb 2024 - 21:27:53.874 INFO  com.example.Application - Starting Application using Java 17.0.9 with PID 4960 (C:\Users\javox\IdeaProjects\kun.uz_lesson1\target\classes started by javox in C:\Users\javox\IdeaProjects\kun.uz_lesson1)
07 Feb 2024 - 21:27:53.883 DEBUG com.example.Application - Running with Spring Boot v3.2.2, Spring v6.1.3
07 Feb 2024 - 21:27:53.884 INFO  com.example.Application - No active profile set, falling back to 1 default profile: "default"
07 Feb 2024 - 21:27:54.506 INFO  o.s.d.r.c.RepositoryConfigurationDelegate - Bootstrapping Spring Data JPA repositories in DEFAULT mode.
07 Feb 2024 - 21:27:54.562 INFO  o.s.d.r.c.RepositoryConfigurationDelegate - Finished Spring Data repository scanning in 50 ms. Found 8 JPA repository interfaces.
07 Feb 2024 - 21:27:54.944 INFO  o.s.b.w.e.tomcat.TomcatWebServer - Tomcat initialized with port 8081 (http)
07 Feb 2024 - 21:27:54.951 INFO  o.a.catalina.core.StandardService - Starting service [Tomcat]
07 Feb 2024 - 21:27:54.951 INFO  o.a.catalina.core.StandardEngine - Starting Servlet engine: [Apache Tomcat/10.1.18]
07 Feb 2024 - 21:27:55.007 INFO  o.a.c.c.C.[Tomcat].[localhost].[/] - Initializing Spring embedded WebApplicationContext
07 Feb 2024 - 21:27:55.008 INFO  o.s.b.w.s.c.ServletWebServerApplicationContext - Root WebApplicationContext: initialization completed in 1093 ms
07 Feb 2024 - 21:27:55.050 DEBUG com.example.config.TokenFilter - Filter 'filterRegistrationBean' configured for use
07 Feb 2024 - 21:27:55.137 INFO  o.h.jpa.internal.util.LogHelper - HHH000204: Processing PersistenceUnitInfo [name: default]
07 Feb 2024 - 21:27:55.184 INFO  org.hibernate.Version - HHH000412: Hibernate ORM core version 6.4.1.Final
07 Feb 2024 - 21:27:55.211 INFO  o.h.c.i.RegionFactoryInitiator - HHH000026: Second-level cache disabled
07 Feb 2024 - 21:27:55.373 INFO  o.s.o.j.p.SpringPersistenceUnitInfo - No LoadTimeWeaver setup: ignoring JPA class transformer
07 Feb 2024 - 21:27:55.393 INFO  com.zaxxer.hikari.HikariDataSource - HikariPool-1 - Starting...
07 Feb 2024 - 21:27:55.517 INFO  com.zaxxer.hikari.pool.HikariPool - HikariPool-1 - Added connection org.postgresql.jdbc.PgConnection@53f495f0
07 Feb 2024 - 21:27:55.519 INFO  com.zaxxer.hikari.HikariDataSource - HikariPool-1 - Start completed.
07 Feb 2024 - 21:27:56.352 INFO  o.h.e.t.j.p.i.JtaPlatformInitiator - HHH000489: No JTA platform available (set 'hibernate.transaction.jta.platform' to enable JTA platform integration)
07 Feb 2024 - 21:27:56.448 INFO  o.s.o.j.LocalContainerEntityManagerFactoryBean - Initialized JPA EntityManagerFactory for persistence unit 'default'
07 Feb 2024 - 21:27:56.663 INFO  o.s.d.j.r.query.QueryEnhancerFactory - Hibernate is in classpath; If applicable, HQL parser will be used.
07 Feb 2024 - 21:27:57.138 WARN  o.s.b.a.o.j.JpaBaseConfiguration$JpaWebConfiguration - spring.jpa.open-in-view is enabled by default. Therefore, database queries may be performed during view rendering. Explicitly configure spring.jpa.open-in-view to disable this warning
07 Feb 2024 - 21:27:57.500 INFO  o.s.b.w.e.tomcat.TomcatWebServer - Tomcat started on port 8081 (http) with context path ''
07 Feb 2024 - 21:27:57.512 INFO  com.example.Application - Started Application in 3.979 seconds (process running for 4.363)
07 Feb 2024 - 21:27:57.558 INFO  o.a.c.c.C.[Tomcat].[localhost].[/] - Initializing Spring DispatcherServlet 'dispatcherServlet'
07 Feb 2024 - 21:27:57.558 INFO  o.s.web.servlet.DispatcherServlet - Initializing Servlet 'dispatcherServlet'
07 Feb 2024 - 21:27:57.560 INFO  o.s.web.servlet.DispatcherServlet - Completed initialization in 2 ms
07 Feb 2024 - 21:27:58.198 INFO  o.s.api.AbstractOpenApiResource - Init duration for springdoc-openapi is: 410 ms
07 Feb 2024 - 21:29:31.703 INFO  o.s.o.j.LocalContainerEntityManagerFactoryBean - Closing JPA EntityManagerFactory for persistence unit 'default'
07 Feb 2024 - 21:29:31.706 INFO  com.zaxxer.hikari.HikariDataSource - HikariPool-1 - Shutdown initiated...
07 Feb 2024 - 21:29:31.710 INFO  com.zaxxer.hikari.HikariDataSource - HikariPool-1 - Shutdown completed.
07 Feb 2024 - 21:29:33.980 INFO  com.example.Application - Starting Application using Java 17.0.9 with PID 3964 (C:\Users\javox\IdeaProjects\kun.uz_lesson1\target\classes started by javox in C:\Users\javox\IdeaProjects\kun.uz_lesson1)
07 Feb 2024 - 21:29:33.988 DEBUG com.example.Application - Running with Spring Boot v3.2.2, Spring v6.1.3
07 Feb 2024 - 21:29:33.989 INFO  com.example.Application - No active profile set, falling back to 1 default profile: "default"
07 Feb 2024 - 21:29:34.621 INFO  o.s.d.r.c.RepositoryConfigurationDelegate - Bootstrapping Spring Data JPA repositories in DEFAULT mode.
07 Feb 2024 - 21:29:34.673 INFO  o.s.d.r.c.RepositoryConfigurationDelegate - Finished Spring Data repository scanning in 47 ms. Found 8 JPA repository interfaces.
07 Feb 2024 - 21:29:35.004 INFO  o.s.b.w.e.tomcat.TomcatWebServer - Tomcat initialized with port 8081 (http)
07 Feb 2024 - 21:29:35.011 INFO  o.a.catalina.core.StandardService - Starting service [Tomcat]
07 Feb 2024 - 21:29:35.011 INFO  o.a.catalina.core.StandardEngine - Starting Servlet engine: [Apache Tomcat/10.1.18]
07 Feb 2024 - 21:29:35.056 INFO  o.a.c.c.C.[Tomcat].[localhost].[/] - Initializing Spring embedded WebApplicationContext
07 Feb 2024 - 21:29:35.056 INFO  o.s.b.w.s.c.ServletWebServerApplicationContext - Root WebApplicationContext: initialization completed in 1035 ms
07 Feb 2024 - 21:29:35.090 DEBUG com.example.config.TokenFilter - Filter 'filterRegistrationBean' configured for use
07 Feb 2024 - 21:29:35.161 INFO  o.h.jpa.internal.util.LogHelper - HHH000204: Processing PersistenceUnitInfo [name: default]
07 Feb 2024 - 21:29:35.198 INFO  org.hibernate.Version - HHH000412: Hibernate ORM core version 6.4.1.Final
07 Feb 2024 - 21:29:35.226 INFO  o.h.c.i.RegionFactoryInitiator - HHH000026: Second-level cache disabled
07 Feb 2024 - 21:29:35.401 INFO  o.s.o.j.p.SpringPersistenceUnitInfo - No LoadTimeWeaver setup: ignoring JPA class transformer
07 Feb 2024 - 21:29:35.419 INFO  com.zaxxer.hikari.HikariDataSource - HikariPool-1 - Starting...
07 Feb 2024 - 21:29:35.545 INFO  com.zaxxer.hikari.pool.HikariPool - HikariPool-1 - Added connection org.postgresql.jdbc.PgConnection@53f495f0
07 Feb 2024 - 21:29:35.546 INFO  com.zaxxer.hikari.HikariDataSource - HikariPool-1 - Start completed.
07 Feb 2024 - 21:29:36.411 INFO  o.h.e.t.j.p.i.JtaPlatformInitiator - HHH000489: No JTA platform available (set 'hibernate.transaction.jta.platform' to enable JTA platform integration)
07 Feb 2024 - 21:29:36.506 INFO  o.s.o.j.LocalContainerEntityManagerFactoryBean - Initialized JPA EntityManagerFactory for persistence unit 'default'
07 Feb 2024 - 21:29:36.675 INFO  o.s.d.j.r.query.QueryEnhancerFactory - Hibernate is in classpath; If applicable, HQL parser will be used.
07 Feb 2024 - 21:29:37.156 WARN  o.s.b.a.o.j.JpaBaseConfiguration$JpaWebConfiguration - spring.jpa.open-in-view is enabled by default. Therefore, database queries may be performed during view rendering. Explicitly configure spring.jpa.open-in-view to disable this warning
07 Feb 2024 - 21:29:37.487 INFO  o.s.b.w.e.tomcat.TomcatWebServer - Tomcat started on port 8081 (http) with context path ''
07 Feb 2024 - 21:29:37.494 INFO  com.example.Application - Started Application in 3.803 seconds (process running for 4.166)
07 Feb 2024 - 21:34:38.102 INFO  o.s.o.j.LocalContainerEntityManagerFactoryBean - Closing JPA EntityManagerFactory for persistence unit 'default'
07 Feb 2024 - 21:34:38.104 INFO  com.zaxxer.hikari.HikariDataSource - HikariPool-1 - Shutdown initiated...
07 Feb 2024 - 21:34:38.115 INFO  com.zaxxer.hikari.HikariDataSource - HikariPool-1 - Shutdown completed.
